<?xml version="1.0" encoding="UTF-8"?>
<!-- Generated by org.testng.reporters.JUnitReportReporter -->
<testsuite hostname="timus" failures="0" tests="1" name="facebookSignUpAutomation.FbSignUp" time="1.641" errors="0" timestamp="6 Nov 2020 14:58:11 GMT">
  <testcase classname="facebookSignUpAutomation.FbSignUp" name="registrationFcebook" time="1.641"/>
</testsuite> <!-- facebookSignUpAutomation.FbSignUp -->
