<?xml version="1.0" encoding="UTF-8"?>
<!-- Generated by org.testng.reporters.JUnitReportReporter -->
<testsuite hostname="timus" failures="0" tests="1" name="facebookSignUpAutomation.FbSignUp" time="2.340" errors="0" timestamp="9 Nov 2020 14:13:25 GMT">
  <testcase classname="facebookSignUpAutomation.FbSignUp" name="registrationFcebook" time="2.340"/>
</testsuite> <!-- facebookSignUpAutomation.FbSignUp -->
